<?xml version="1.0" encoding="UTF-8"?>
<!-- Generated by org.testng.reporters.JUnitReportReporter -->
<testsuite skipped="0" hostname="QSP-020" name="com.url.generic.Sampl" tests="1" failures="0" timestamp="02 Mar 2018 07:13:54 GMT" time="0.008" errors="0">
  <testcase name="create" time="0.008" classname="com.url.generic.Sampl"/>
</testsuite> <!-- com.url.generic.Sampl -->
