<?xml version="1.0" encoding="UTF-8"?>
<!-- Generated by org.testng.reporters.JUnitReportReporter -->
<testsuite skipped="0" hostname="QSP-020" name="com.url.test.RegesterTest" tests="1" failures="0" timestamp="02 Mar 2018 13:13:01 GMT" time="3.840" errors="0">
  <testcase name="Run" time="3.840" classname="com.url.test.RegesterTest"/>
</testsuite> <!-- com.url.test.RegesterTest -->
