<?xml version="1.0" encoding="UTF-8"?>
<!-- Generated by org.testng.reporters.JUnitReportReporter -->
<testsuite skipped="0" name="com.url.test.Samp" tests="1" failures="0" timestamp="02 Mar 2018 07:22:48 GMT" time="8.945" errors="0">
  <testcase name="open" time="8.945" classname="com.url.test.Samp"/>
</testsuite> <!-- com.url.test.Samp -->
