<?xml version="1.0" encoding="UTF-8"?>
<!-- Generated by org.testng.reporters.JUnitReportReporter -->
<testsuite hostname="QSP-020" name="Sample" tests="1" failures="0" timestamp="2 Mar 2018 05:09:48 GMT" time="0.033" errors="0">
  <testcase name="create" time="0.033" classname="Sample"/>
</testsuite> <!-- Sample -->
